[2019-12-07 15:12:47] local.ERROR: View [welcome] not found. {"exception":"[object] (InvalidArgumentException(code: 0): View [welcome] not found. at /mnt/c/Users/batu_/Desktop/EDOMAPI/eDominationsTools/vendor/laravel/framework/src/Illuminate/View/FileViewFinder.php:137)
[stacktrace]
#0 /mnt/c/Users/batu_/Desktop/EDOMAPI/eDominationsTools/vendor/laravel/framework/src/Illuminate/View/FileViewFinder.php(79): Illuminate\\View\\FileViewFinder->findInPaths('welcome', Array)
#1 /mnt/c/Users/batu_/Desktop/EDOMAPI/eDominationsTools/vendor/laravel/framework/src/Illuminate/View/Factory.php(131): Illuminate\\View\\FileViewFinder->find('welcome')
#2 /mnt/c/Users/batu_/Desktop/EDOMAPI/eDominationsTools/vendor/laravel/framework/src/Illuminate/Foundation/helpers.php(975): Illuminate\\View\\Factory->make('welcome', Array, Array)
#3 /mnt/c/Users/batu_/Desktop/EDOMAPI/eDominationsTools/routes/web.php(8): view('welcome')
#4 /mnt/c/Users/batu_/Desktop/EDOMAPI/eDominationsTools/vendor/laravel/framework/src/Illuminate/Routing/Route.php(205): Illuminate\\Routing\\RouteFileRegistrar->{closure}()
#5 /mnt/c/Users/batu_/Desktop/EDOMAPI/eDominationsTools/vendor/laravel/framework/src/Illuminate/Routing/Route.php(179): Illuminate\\Routing\\Route->runCallable()
#6 /mnt/c/Users/batu_/Desktop/EDOMAPI/eDominationsTools/vendor/laravel/framework/src/Illuminate/Routing/Router.php(680): Illuminate\\Routing\\Route->run()
#7 /mnt/c/Users/batu_/Desktop/EDOMAPI/eDominationsTools/vendor/laravel/framework/src/Illuminate/Pipeline/Pipeline.php(130): Illuminate\\Routing\\Router->Illuminate\\Routing\\{closure}(Object(Illuminate\\Http\\Request))
#8 /mnt/c/Users/batu_/Desktop/EDOMAPI/eDominationsTools/vendor/laravel/framework/src/Illuminate/Routing/Middleware/SubstituteBindings.php(41): Illuminate\\Pipeline\\Pipeline->Illuminate\\Pipeline\\{closure}(Object(Illuminate\\Http\\Request))
#9 /mnt/c/Users/batu_/Desktop/EDOMAPI/eDominationsTools/vendor/laravel/framework/src/Illuminate/Pipeline/Pipeline.php(171): Illuminate\\Routing\\Middleware\\SubstituteBindings->handle(Object(Illuminate\\Http\\Request), Object(Closure))
#10 /mnt/c/Users/batu_/Desktop/EDOMAPI/eDominationsTools/vendor/laravel/framework/src/Illuminate/Foundation/Http/Middleware/VerifyCsrfToken.php(76): Illuminate\\Pipeline\\Pipeline->Illuminate\\Pipeline\\{closure}(Object(Illuminate\\Http\\Request))
#11 /mnt/c/Users/batu_/Desktop/EDOMAPI/eDominationsTools/vendor/laravel/framework/src/Illuminate/Pipeline/Pipeline.php(171): Illuminate\\Foundation\\Http\\Middleware\\VerifyCsrfToken->handle(Object(Illuminate\\Http\\Request), Object(Closure))
#12 /mnt/c/Users/batu_/Desktop/EDOMAPI/eDominationsTools/vendor/laravel/framework/src/Illuminate/View/Middleware/ShareErrorsFromSession.php(49): Illuminate\\Pipeline\\Pipeline->Illuminate\\Pipeline\\{closure}(Object(Illuminate\\Http\\Request))
#13 /mnt/c/Users/batu_/Desktop/EDOMAPI/eDominationsTools/vendor/laravel/framework/src/Illuminate/Pipeline/Pipeline.php(171): Illuminate\\View\\Middleware\\ShareErrorsFromSession->handle(Object(Illuminate\\Http\\Request), Object(Closure))
#14 /mnt/c/Users/batu_/Desktop/EDOMAPI/eDominationsTools/vendor/laravel/framework/src/Illuminate/Session/Middleware/StartSession.php(56): Illuminate\\Pipeline\\Pipeline->Illuminate\\Pipeline\\{closure}(Object(Illuminate\\Http\\Request))
#15 /mnt/c/Users/batu_/Desktop/EDOMAPI/eDominationsTools/vendor/laravel/framework/src/Illuminate/Pipeline/Pipeline.php(171): Illuminate\\Session\\Middleware\\StartSession->handle(Object(Illuminate\\Http\\Request), Object(Closure))
#16 /mnt/c/Users/batu_/Desktop/EDOMAPI/eDominationsTools/vendor/laravel/framework/src/Illuminate/Cookie/Middleware/AddQueuedCookiesToResponse.php(37): Illuminate\\Pipeline\\Pipeline->Illuminate\\Pipeline\\{closure}(Object(Illuminate\\Http\\Request))
#17 /mnt/c/Users/batu_/Desktop/EDOMAPI/eDominationsTools/vendor/laravel/framework/src/Illuminate/Pipeline/Pipeline.php(171): Illuminate\\Cookie\\Middleware\\AddQueuedCookiesToResponse->handle(Object(Illuminate\\Http\\Request), Object(Closure))
#18 /mnt/c/Users/batu_/Desktop/EDOMAPI/eDominationsTools/vendor/laravel/framework/src/Illuminate/Cookie/Middleware/EncryptCookies.php(66): Illuminate\\Pipeline\\Pipeline->Illuminate\\Pipeline\\{closure}(Object(Illuminate\\Http\\Request))
#19 /mnt/c/Users/batu_/Desktop/EDOMAPI/eDominationsTools/vendor/laravel/framework/src/Illuminate/Pipeline/Pipeline.php(171): Illuminate\\Cookie\\Middleware\\EncryptCookies->handle(Object(Illuminate\\Http\\Request), Object(Closure))
#20 /mnt/c/Users/batu_/Desktop/EDOMAPI/eDominationsTools/vendor/laravel/framework/src/Illuminate/Pipeline/Pipeline.php(105): Illuminate\\Pipeline\\Pipeline->Illuminate\\Pipeline\\{closure}(Object(Illuminate\\Http\\Request))
#21 /mnt/c/Users/batu_/Desktop/EDOMAPI/eDominationsTools/vendor/laravel/framework/src/Illuminate/Routing/Router.php(682): Illuminate\\Pipeline\\Pipeline->then(Object(Closure))
#22 /mnt/c/Users/batu_/Desktop/EDOMAPI/eDominationsTools/vendor/laravel/framework/src/Illuminate/Routing/Router.php(657): Illuminate\\Routing\\Router->runRouteWithinStack(Object(Illuminate\\Routing\\Route), Object(Illuminate\\Http\\Request))
#23 /mnt/c/Users/batu_/Desktop/EDOMAPI/eDominationsTools/vendor/laravel/framework/src/Illuminate/Routing/Router.php(623): Illuminate\\Routing\\Router->runRoute(Object(Illuminate\\Http\\Request), Object(Illuminate\\Routing\\Route))
#24 /mnt/c/Users/batu_/Desktop/EDOMAPI/eDominationsTools/vendor/laravel/framework/src/Illuminate/Routing/Router.php(612): Illuminate\\Routing\\Router->dispatchToRoute(Object(Illuminate\\Http\\Request))
#25 /mnt/c/Users/batu_/Desktop/EDOMAPI/eDominationsTools/vendor/laravel/framework/src/Illuminate/Foundation/Http/Kernel.php(176): Illuminate\\Routing\\Router->dispatch(Object(Illuminate\\Http\\Request))
#26 /mnt/c/Users/batu_/Desktop/EDOMAPI/eDominationsTools/vendor/laravel/framework/src/Illuminate/Pipeline/Pipeline.php(130): Illuminate\\Foundation\\Http\\Kernel->Illuminate\\Foundation\\Http\\{closure}(Object(Illuminate\\Http\\Request))
#27 /mnt/c/Users/batu_/Desktop/EDOMAPI/eDominationsTools/vendor/fideloper/proxy/src/TrustProxies.php(57): Illuminate\\Pipeline\\Pipeline->Illuminate\\Pipeline\\{closure}(Object(Illuminate\\Http\\Request))
#28 /mnt/c/Users/batu_/Desktop/EDOMAPI/eDominationsTools/vendor/laravel/framework/src/Illuminate/Pipeline/Pipeline.php(171): Fideloper\\Proxy\\TrustProxies->handle(Object(Illuminate\\Http\\Request), Object(Closure))
#29 /mnt/c/Users/batu_/Desktop/EDOMAPI/eDominationsTools/vendor/laravel/framework/src/Illuminate/Foundation/Http/Middleware/TransformsRequest.php(21): Illuminate\\Pipeline\\Pipeline->Illuminate\\Pipeline\\{closure}(Object(Illuminate\\Http\\Request))
#30 /mnt/c/Users/batu_/Desktop/EDOMAPI/eDominationsTools/vendor/laravel/framework/src/Illuminate/Pipeline/Pipeline.php(171): Illuminate\\Foundation\\Http\\Middleware\\TransformsRequest->handle(Object(Illuminate\\Http\\Request), Object(Closure))
#31 /mnt/c/Users/batu_/Desktop/EDOMAPI/eDominationsTools/vendor/laravel/framework/src/Illuminate/Foundation/Http/Middleware/TransformsRequest.php(21): Illuminate\\Pipeline\\Pipeline->Illuminate\\Pipeline\\{closure}(Object(Illuminate\\Http\\Request))
#32 /mnt/c/Users/batu_/Desktop/EDOMAPI/eDominationsTools/vendor/laravel/framework/src/Illuminate/Pipeline/Pipeline.php(171): Illuminate\\Foundation\\Http\\Middleware\\TransformsRequest->handle(Object(Illuminate\\Http\\Request), Object(Closure))
#33 /mnt/c/Users/batu_/Desktop/EDOMAPI/eDominationsTools/vendor/laravel/framework/src/Illuminate/Foundation/Http/Middleware/ValidatePostSize.php(27): Illuminate\\Pipeline\\Pipeline->Illuminate\\Pipeline\\{closure}(Object(Illuminate\\Http\\Request))
#34 /mnt/c/Users/batu_/Desktop/EDOMAPI/eDominationsTools/vendor/laravel/framework/src/Illuminate/Pipeline/Pipeline.php(171): Illuminate\\Foundation\\Http\\Middleware\\ValidatePostSize->handle(Object(Illuminate\\Http\\Request), Object(Closure))
#35 /mnt/c/Users/batu_/Desktop/EDOMAPI/eDominationsTools/vendor/laravel/framework/src/Illuminate/Foundation/Http/Middleware/CheckForMaintenanceMode.php(62): Illuminate\\Pipeline\\Pipeline->Illuminate\\Pipeline\\{closure}(Object(Illuminate\\Http\\Request))
#36 /mnt/c/Users/batu_/Desktop/EDOMAPI/eDominationsTools/vendor/laravel/framework/src/Illuminate/Pipeline/Pipeline.php(171): Illuminate\\Foundation\\Http\\Middleware\\CheckForMaintenanceMode->handle(Object(Illuminate\\Http\\Request), Object(Closure))
#37 /mnt/c/Users/batu_/Desktop/EDOMAPI/eDominationsTools/vendor/laravel/framework/src/Illuminate/Pipeline/Pipeline.php(105): Illuminate\\Pipeline\\Pipeline->Illuminate\\Pipeline\\{closure}(Object(Illuminate\\Http\\Request))
#38 /mnt/c/Users/batu_/Desktop/EDOMAPI/eDominationsTools/vendor/laravel/framework/src/Illuminate/Foundation/Http/Kernel.php(151): Illuminate\\Pipeline\\Pipeline->then(Object(Closure))
#39 /mnt/c/Users/batu_/Desktop/EDOMAPI/eDominationsTools/vendor/laravel/framework/src/Illuminate/Foundation/Http/Kernel.php(116): Illuminate\\Foundation\\Http\\Kernel->sendRequestThroughRouter(Object(Illuminate\\Http\\Request))
#40 /mnt/c/Users/batu_/Desktop/EDOMAPI/eDominationsTools/public/index.php(55): Illuminate\\Foundation\\Http\\Kernel->handle(Object(Illuminate\\Http\\Request))
#41 /mnt/c/Users/batu_/Desktop/EDOMAPI/eDominationsTools/server.php(21): require_once('/mnt/c/Users/ba...')
#42 {main}
"} 
[2019-12-07 15:12:48] local.ERROR: file_put_contents(C:\Users\batu_\Desktop\EDOMAPI\eDominationsTools\storage\framework/sessions/jSe8q0LRdu5FiMbLUxMeEyGHRTR6G3oHODUu19yy): failed to open stream: No such file or directory {"exception":"[object] (ErrorException(code: 0): file_put_contents(C:\\Users\\batu_\\Desktop\\EDOMAPI\\eDominationsTools\\storage\\framework/sessions/jSe8q0LRdu5FiMbLUxMeEyGHRTR6G3oHODUu19yy): failed to open stream: No such file or directory at /mnt/c/Users/batu_/Desktop/EDOMAPI/eDominationsTools/vendor/laravel/framework/src/Illuminate/Filesystem/Filesystem.php:133)
[stacktrace]
#0 [internal function]: Illuminate\\Foundation\\Bootstrap\\HandleExceptions->handleError(2, 'file_put_conten...', '/mnt/c/Users/ba...', 133, Array)
#1 /mnt/c/Users/batu_/Desktop/EDOMAPI/eDominationsTools/vendor/laravel/framework/src/Illuminate/Filesystem/Filesystem.php(133): file_put_contents('C:\\\\Users\\\\batu_\\\\...', 'a:3:{s:6:\"_toke...', 2)
#2 /mnt/c/Users/batu_/Desktop/EDOMAPI/eDominationsTools/vendor/laravel/framework/src/Illuminate/Session/FileSessionHandler.php(83): Illuminate\\Filesystem\\Filesystem->put('C:\\\\Users\\\\batu_\\\\...', 'a:3:{s:6:\"_toke...', true)
#3 /mnt/c/Users/batu_/Desktop/EDOMAPI/eDominationsTools/vendor/laravel/framework/src/Illuminate/Session/Store.php(129): Illuminate\\Session\\FileSessionHandler->write('jSe8q0LRdu5FiMb...', 'a:3:{s:6:\"_toke...')
#4 /mnt/c/Users/batu_/Desktop/EDOMAPI/eDominationsTools/vendor/laravel/framework/src/Illuminate/Session/Middleware/StartSession.php(170): Illuminate\\Session\\Store->save()
#5 /mnt/c/Users/batu_/Desktop/EDOMAPI/eDominationsTools/vendor/laravel/framework/src/Illuminate/Session/Middleware/StartSession.php(65): Illuminate\\Session\\Middleware\\StartSession->saveSession(Object(Illuminate\\Http\\Request))
#6 /mnt/c/Users/batu_/Desktop/EDOMAPI/eDominationsTools/vendor/laravel/framework/src/Illuminate/Pipeline/Pipeline.php(171): Illuminate\\Session\\Middleware\\StartSession->handle(Object(Illuminate\\Http\\Request), Object(Closure))
#7 /mnt/c/Users/batu_/Desktop/EDOMAPI/eDominationsTools/vendor/laravel/framework/src/Illuminate/Cookie/Middleware/AddQueuedCookiesToResponse.php(37): Illuminate\\Pipeline\\Pipeline->Illuminate\\Pipeline\\{closure}(Object(Illuminate\\Http\\Request))
#8 /mnt/c/Users/batu_/Desktop/EDOMAPI/eDominationsTools/vendor/laravel/framework/src/Illuminate/Pipeline/Pipeline.php(171): Illuminate\\Cookie\\Middleware\\AddQueuedCookiesToResponse->handle(Object(Illuminate\\Http\\Request), Object(Closure))
#9 /mnt/c/Users/batu_/Desktop/EDOMAPI/eDominationsTools/vendor/laravel/framework/src/Illuminate/Cookie/Middleware/EncryptCookies.php(66): Illuminate\\Pipeline\\Pipeline->Illuminate\\Pipeline\\{closure}(Object(Illuminate\\Http\\Request))
#10 /mnt/c/Users/batu_/Desktop/EDOMAPI/eDominationsTools/vendor/laravel/framework/src/Illuminate/Pipeline/Pipeline.php(171): Illuminate\\Cookie\\Middleware\\EncryptCookies->handle(Object(Illuminate\\Http\\Request), Object(Closure))
#11 /mnt/c/Users/batu_/Desktop/EDOMAPI/eDominationsTools/vendor/laravel/framework/src/Illuminate/Pipeline/Pipeline.php(105): Illuminate\\Pipeline\\Pipeline->Illuminate\\Pipeline\\{closure}(Object(Illuminate\\Http\\Request))
#12 /mnt/c/Users/batu_/Desktop/EDOMAPI/eDominationsTools/vendor/laravel/framework/src/Illuminate/Routing/Router.php(682): Illuminate\\Pipeline\\Pipeline->then(Object(Closure))
#13 /mnt/c/Users/batu_/Desktop/EDOMAPI/eDominationsTools/vendor/laravel/framework/src/Illuminate/Routing/Router.php(657): Illuminate\\Routing\\Router->runRouteWithinStack(Object(Illuminate\\Routing\\Route), Object(Illuminate\\Http\\Request))
#14 /mnt/c/Users/batu_/Desktop/EDOMAPI/eDominationsTools/vendor/laravel/framework/src/Illuminate/Routing/Router.php(623): Illuminate\\Routing\\Router->runRoute(Object(Illuminate\\Http\\Request), Object(Illuminate\\Routing\\Route))
#15 /mnt/c/Users/batu_/Desktop/EDOMAPI/eDominationsTools/vendor/laravel/framework/src/Illuminate/Routing/Router.php(612): Illuminate\\Routing\\Router->dispatchToRoute(Object(Illuminate\\Http\\Request))
#16 /mnt/c/Users/batu_/Desktop/EDOMAPI/eDominationsTools/vendor/laravel/framework/src/Illuminate/Foundation/Http/Kernel.php(176): Illuminate\\Routing\\Router->dispatch(Object(Illuminate\\Http\\Request))
#17 /mnt/c/Users/batu_/Desktop/EDOMAPI/eDominationsTools/vendor/laravel/framework/src/Illuminate/Pipeline/Pipeline.php(130): Illuminate\\Foundation\\Http\\Kernel->Illuminate\\Foundation\\Http\\{closure}(Object(Illuminate\\Http\\Request))
#18 /mnt/c/Users/batu_/Desktop/EDOMAPI/eDominationsTools/vendor/fideloper/proxy/src/TrustProxies.php(57): Illuminate\\Pipeline\\Pipeline->Illuminate\\Pipeline\\{closure}(Object(Illuminate\\Http\\Request))
#19 /mnt/c/Users/batu_/Desktop/EDOMAPI/eDominationsTools/vendor/laravel/framework/src/Illuminate/Pipeline/Pipeline.php(171): Fideloper\\Proxy\\TrustProxies->handle(Object(Illuminate\\Http\\Request), Object(Closure))
#20 /mnt/c/Users/batu_/Desktop/EDOMAPI/eDominationsTools/vendor/laravel/framework/src/Illuminate/Foundation/Http/Middleware/TransformsRequest.php(21): Illuminate\\Pipeline\\Pipeline->Illuminate\\Pipeline\\{closure}(Object(Illuminate\\Http\\Request))
#21 /mnt/c/Users/batu_/Desktop/EDOMAPI/eDominationsTools/vendor/laravel/framework/src/Illuminate/Pipeline/Pipeline.php(171): Illuminate\\Foundation\\Http\\Middleware\\TransformsRequest->handle(Object(Illuminate\\Http\\Request), Object(Closure))
#22 /mnt/c/Users/batu_/Desktop/EDOMAPI/eDominationsTools/vendor/laravel/framework/src/Illuminate/Foundation/Http/Middleware/TransformsRequest.php(21): Illuminate\\Pipeline\\Pipeline->Illuminate\\Pipeline\\{closure}(Object(Illuminate\\Http\\Request))
#23 /mnt/c/Users/batu_/Desktop/EDOMAPI/eDominationsTools/vendor/laravel/framework/src/Illuminate/Pipeline/Pipeline.php(171): Illuminate\\Foundation\\Http\\Middleware\\TransformsRequest->handle(Object(Illuminate\\Http\\Request), Object(Closure))
#24 /mnt/c/Users/batu_/Desktop/EDOMAPI/eDominationsTools/vendor/laravel/framework/src/Illuminate/Foundation/Http/Middleware/ValidatePostSize.php(27): Illuminate\\Pipeline\\Pipeline->Illuminate\\Pipeline\\{closure}(Object(Illuminate\\Http\\Request))
#25 /mnt/c/Users/batu_/Desktop/EDOMAPI/eDominationsTools/vendor/laravel/framework/src/Illuminate/Pipeline/Pipeline.php(171): Illuminate\\Foundation\\Http\\Middleware\\ValidatePostSize->handle(Object(Illuminate\\Http\\Request), Object(Closure))
#26 /mnt/c/Users/batu_/Desktop/EDOMAPI/eDominationsTools/vendor/laravel/framework/src/Illuminate/Foundation/Http/Middleware/CheckForMaintenanceMode.php(62): Illuminate\\Pipeline\\Pipeline->Illuminate\\Pipeline\\{closure}(Object(Illuminate\\Http\\Request))
#27 /mnt/c/Users/batu_/Desktop/EDOMAPI/eDominationsTools/vendor/laravel/framework/src/Illuminate/Pipeline/Pipeline.php(171): Illuminate\\Foundation\\Http\\Middleware\\CheckForMaintenanceMode->handle(Object(Illuminate\\Http\\Request), Object(Closure))
#28 /mnt/c/Users/batu_/Desktop/EDOMAPI/eDominationsTools/vendor/laravel/framework/src/Illuminate/Pipeline/Pipeline.php(105): Illuminate\\Pipeline\\Pipeline->Illuminate\\Pipeline\\{closure}(Object(Illuminate\\Http\\Request))
#29 /mnt/c/Users/batu_/Desktop/EDOMAPI/eDominationsTools/vendor/laravel/framework/src/Illuminate/Foundation/Http/Kernel.php(151): Illuminate\\Pipeline\\Pipeline->then(Object(Closure))
#30 /mnt/c/Users/batu_/Desktop/EDOMAPI/eDominationsTools/vendor/laravel/framework/src/Illuminate/Foundation/Http/Kernel.php(116): Illuminate\\Foundation\\Http\\Kernel->sendRequestThroughRouter(Object(Illuminate\\Http\\Request))
#31 /mnt/c/Users/batu_/Desktop/EDOMAPI/eDominationsTools/public/index.php(55): Illuminate\\Foundation\\Http\\Kernel->handle(Object(Illuminate\\Http\\Request))
#32 /mnt/c/Users/batu_/Desktop/EDOMAPI/eDominationsTools/server.php(21): require_once('/mnt/c/Users/ba...')
#33 {main}
"} 
[2019-12-07 15:14:00] local.ERROR: View [welcome] not found. {"exception":"[object] (InvalidArgumentException(code: 0): View [welcome] not found. at /mnt/c/Users/batu_/Desktop/EDOMAPI/eDominationsTools/vendor/laravel/framework/src/Illuminate/View/FileViewFinder.php:137)
[stacktrace]
#0 /mnt/c/Users/batu_/Desktop/EDOMAPI/eDominationsTools/vendor/laravel/framework/src/Illuminate/View/FileViewFinder.php(79): Illuminate\\View\\FileViewFinder->findInPaths('welcome', Array)
#1 /mnt/c/Users/batu_/Desktop/EDOMAPI/eDominationsTools/vendor/laravel/framework/src/Illuminate/View/Factory.php(131): Illuminate\\View\\FileViewFinder->find('welcome')
#2 /mnt/c/Users/batu_/Desktop/EDOMAPI/eDominationsTools/vendor/laravel/framework/src/Illuminate/Foundation/helpers.php(975): Illuminate\\View\\Factory->make('welcome', Array, Array)
#3 /mnt/c/Users/batu_/Desktop/EDOMAPI/eDominationsTools/routes/web.php(8): view('welcome')
#4 /mnt/c/Users/batu_/Desktop/EDOMAPI/eDominationsTools/vendor/laravel/framework/src/Illuminate/Routing/Route.php(205): Illuminate\\Routing\\RouteFileRegistrar->{closure}()
#5 /mnt/c/Users/batu_/Desktop/EDOMAPI/eDominationsTools/vendor/laravel/framework/src/Illuminate/Routing/Route.php(179): Illuminate\\Routing\\Route->runCallable()
#6 /mnt/c/Users/batu_/Desktop/EDOMAPI/eDominationsTools/vendor/laravel/framework/src/Illuminate/Routing/Router.php(680): Illuminate\\Routing\\Route->run()
#7 /mnt/c/Users/batu_/Desktop/EDOMAPI/eDominationsTools/vendor/laravel/framework/src/Illuminate/Pipeline/Pipeline.php(130): Illuminate\\Routing\\Router->Illuminate\\Routing\\{closure}(Object(Illuminate\\Http\\Request))
#8 /mnt/c/Users/batu_/Desktop/EDOMAPI/eDominationsTools/vendor/laravel/framework/src/Illuminate/Routing/Middleware/SubstituteBindings.php(41): Illuminate\\Pipeline\\Pipeline->Illuminate\\Pipeline\\{closure}(Object(Illuminate\\Http\\Request))
#9 /mnt/c/Users/batu_/Desktop/EDOMAPI/eDominationsTools/vendor/laravel/framework/src/Illuminate/Pipeline/Pipeline.php(171): Illuminate\\Routing\\Middleware\\SubstituteBindings->handle(Object(Illuminate\\Http\\Request), Object(Closure))
#10 /mnt/c/Users/batu_/Desktop/EDOMAPI/eDominationsTools/vendor/laravel/framework/src/Illuminate/Foundation/Http/Middleware/VerifyCsrfToken.php(76): Illuminate\\Pipeline\\Pipeline->Illuminate\\Pipeline\\{closure}(Object(Illuminate\\Http\\Request))
#11 /mnt/c/Users/batu_/Desktop/EDOMAPI/eDominationsTools/vendor/laravel/framework/src/Illuminate/Pipeline/Pipeline.php(171): Illuminate\\Foundation\\Http\\Middleware\\VerifyCsrfToken->handle(Object(Illuminate\\Http\\Request), Object(Closure))
#12 /mnt/c/Users/batu_/Desktop/EDOMAPI/eDominationsTools/vendor/laravel/framework/src/Illuminate/View/Middleware/ShareErrorsFromSession.php(49): Illuminate\\Pipeline\\Pipeline->Illuminate\\Pipeline\\{closure}(Object(Illuminate\\Http\\Request))
#13 /mnt/c/Users/batu_/Desktop/EDOMAPI/eDominationsTools/vendor/laravel/framework/src/Illuminate/Pipeline/Pipeline.php(171): Illuminate\\View\\Middleware\\ShareErrorsFromSession->handle(Object(Illuminate\\Http\\Request), Object(Closure))
#14 /mnt/c/Users/batu_/Desktop/EDOMAPI/eDominationsTools/vendor/laravel/framework/src/Illuminate/Session/Middleware/StartSession.php(56): Illuminate\\Pipeline\\Pipeline->Illuminate\\Pipeline\\{closure}(Object(Illuminate\\Http\\Request))
#15 /mnt/c/Users/batu_/Desktop/EDOMAPI/eDominationsTools/vendor/laravel/framework/src/Illuminate/Pipeline/Pipeline.php(171): Illuminate\\Session\\Middleware\\StartSession->handle(Object(Illuminate\\Http\\Request), Object(Closure))
#16 /mnt/c/Users/batu_/Desktop/EDOMAPI/eDominationsTools/vendor/laravel/framework/src/Illuminate/Cookie/Middleware/AddQueuedCookiesToResponse.php(37): Illuminate\\Pipeline\\Pipeline->Illuminate\\Pipeline\\{closure}(Object(Illuminate\\Http\\Request))
#17 /mnt/c/Users/batu_/Desktop/EDOMAPI/eDominationsTools/vendor/laravel/framework/src/Illuminate/Pipeline/Pipeline.php(171): Illuminate\\Cookie\\Middleware\\AddQueuedCookiesToResponse->handle(Object(Illuminate\\Http\\Request), Object(Closure))
#18 /mnt/c/Users/batu_/Desktop/EDOMAPI/eDominationsTools/vendor/laravel/framework/src/Illuminate/Cookie/Middleware/EncryptCookies.php(66): Illuminate\\Pipeline\\Pipeline->Illuminate\\Pipeline\\{closure}(Object(Illuminate\\Http\\Request))
#19 /mnt/c/Users/batu_/Desktop/EDOMAPI/eDominationsTools/vendor/laravel/framework/src/Illuminate/Pipeline/Pipeline.php(171): Illuminate\\Cookie\\Middleware\\EncryptCookies->handle(Object(Illuminate\\Http\\Request), Object(Closure))
#20 /mnt/c/Users/batu_/Desktop/EDOMAPI/eDominationsTools/vendor/laravel/framework/src/Illuminate/Pipeline/Pipeline.php(105): Illuminate\\Pipeline\\Pipeline->Illuminate\\Pipeline\\{closure}(Object(Illuminate\\Http\\Request))
#21 /mnt/c/Users/batu_/Desktop/EDOMAPI/eDominationsTools/vendor/laravel/framework/src/Illuminate/Routing/Router.php(682): Illuminate\\Pipeline\\Pipeline->then(Object(Closure))
#22 /mnt/c/Users/batu_/Desktop/EDOMAPI/eDominationsTools/vendor/laravel/framework/src/Illuminate/Routing/Router.php(657): Illuminate\\Routing\\Router->runRouteWithinStack(Object(Illuminate\\Routing\\Route), Object(Illuminate\\Http\\Request))
#23 /mnt/c/Users/batu_/Desktop/EDOMAPI/eDominationsTools/vendor/laravel/framework/src/Illuminate/Routing/Router.php(623): Illuminate\\Routing\\Router->runRoute(Object(Illuminate\\Http\\Request), Object(Illuminate\\Routing\\Route))
#24 /mnt/c/Users/batu_/Desktop/EDOMAPI/eDominationsTools/vendor/laravel/framework/src/Illuminate/Routing/Router.php(612): Illuminate\\Routing\\Router->dispatchToRoute(Object(Illuminate\\Http\\Request))
#25 /mnt/c/Users/batu_/Desktop/EDOMAPI/eDominationsTools/vendor/laravel/framework/src/Illuminate/Foundation/Http/Kernel.php(176): Illuminate\\Routing\\Router->dispatch(Object(Illuminate\\Http\\Request))
#26 /mnt/c/Users/batu_/Desktop/EDOMAPI/eDominationsTools/vendor/laravel/framework/src/Illuminate/Pipeline/Pipeline.php(130): Illuminate\\Foundation\\Http\\Kernel->Illuminate\\Foundation\\Http\\{closure}(Object(Illuminate\\Http\\Request))
#27 /mnt/c/Users/batu_/Desktop/EDOMAPI/eDominationsTools/vendor/fideloper/proxy/src/TrustProxies.php(57): Illuminate\\Pipeline\\Pipeline->Illuminate\\Pipeline\\{closure}(Object(Illuminate\\Http\\Request))
#28 /mnt/c/Users/batu_/Desktop/EDOMAPI/eDominationsTools/vendor/laravel/framework/src/Illuminate/Pipeline/Pipeline.php(171): Fideloper\\Proxy\\TrustProxies->handle(Object(Illuminate\\Http\\Request), Object(Closure))
#29 /mnt/c/Users/batu_/Desktop/EDOMAPI/eDominationsTools/vendor/laravel/framework/src/Illuminate/Foundation/Http/Middleware/TransformsRequest.php(21): Illuminate\\Pipeline\\Pipeline->Illuminate\\Pipeline\\{closure}(Object(Illuminate\\Http\\Request))
#30 /mnt/c/Users/batu_/Desktop/EDOMAPI/eDominationsTools/vendor/laravel/framework/src/Illuminate/Pipeline/Pipeline.php(171): Illuminate\\Foundation\\Http\\Middleware\\TransformsRequest->handle(Object(Illuminate\\Http\\Request), Object(Closure))
#31 /mnt/c/Users/batu_/Desktop/EDOMAPI/eDominationsTools/vendor/laravel/framework/src/Illuminate/Foundation/Http/Middleware/TransformsRequest.php(21): Illuminate\\Pipeline\\Pipeline->Illuminate\\Pipeline\\{closure}(Object(Illuminate\\Http\\Request))
#32 /mnt/c/Users/batu_/Desktop/EDOMAPI/eDominationsTools/vendor/laravel/framework/src/Illuminate/Pipeline/Pipeline.php(171): Illuminate\\Foundation\\Http\\Middleware\\TransformsRequest->handle(Object(Illuminate\\Http\\Request), Object(Closure))
#33 /mnt/c/Users/batu_/Desktop/EDOMAPI/eDominationsTools/vendor/laravel/framework/src/Illuminate/Foundation/Http/Middleware/ValidatePostSize.php(27): Illuminate\\Pipeline\\Pipeline->Illuminate\\Pipeline\\{closure}(Object(Illuminate\\Http\\Request))
#34 /mnt/c/Users/batu_/Desktop/EDOMAPI/eDominationsTools/vendor/laravel/framework/src/Illuminate/Pipeline/Pipeline.php(171): Illuminate\\Foundation\\Http\\Middleware\\ValidatePostSize->handle(Object(Illuminate\\Http\\Request), Object(Closure))
#35 /mnt/c/Users/batu_/Desktop/EDOMAPI/eDominationsTools/vendor/laravel/framework/src/Illuminate/Foundation/Http/Middleware/CheckForMaintenanceMode.php(62): Illuminate\\Pipeline\\Pipeline->Illuminate\\Pipeline\\{closure}(Object(Illuminate\\Http\\Request))
#36 /mnt/c/Users/batu_/Desktop/EDOMAPI/eDominationsTools/vendor/laravel/framework/src/Illuminate/Pipeline/Pipeline.php(171): Illuminate\\Foundation\\Http\\Middleware\\CheckForMaintenanceMode->handle(Object(Illuminate\\Http\\Request), Object(Closure))
#37 /mnt/c/Users/batu_/Desktop/EDOMAPI/eDominationsTools/vendor/laravel/framework/src/Illuminate/Pipeline/Pipeline.php(105): Illuminate\\Pipeline\\Pipeline->Illuminate\\Pipeline\\{closure}(Object(Illuminate\\Http\\Request))
#38 /mnt/c/Users/batu_/Desktop/EDOMAPI/eDominationsTools/vendor/laravel/framework/src/Illuminate/Foundation/Http/Kernel.php(151): Illuminate\\Pipeline\\Pipeline->then(Object(Closure))
#39 /mnt/c/Users/batu_/Desktop/EDOMAPI/eDominationsTools/vendor/laravel/framework/src/Illuminate/Foundation/Http/Kernel.php(116): Illuminate\\Foundation\\Http\\Kernel->sendRequestThroughRouter(Object(Illuminate\\Http\\Request))
#40 /mnt/c/Users/batu_/Desktop/EDOMAPI/eDominationsTools/public/index.php(55): Illuminate\\Foundation\\Http\\Kernel->handle(Object(Illuminate\\Http\\Request))
#41 /mnt/c/Users/batu_/Desktop/EDOMAPI/eDominationsTools/server.php(21): require_once('/mnt/c/Users/ba...')
#42 {main}
"} 
[2019-12-07 15:14:00] local.ERROR: file_put_contents(C:\Users\batu_\Desktop\EDOMAPI\eDominationsTools\storage\framework/sessions/494BYMHgsVRIt8KasdXcR3FhB7hQCtdYIzwGcEv4): failed to open stream: No such file or directory {"exception":"[object] (ErrorException(code: 0): file_put_contents(C:\\Users\\batu_\\Desktop\\EDOMAPI\\eDominationsTools\\storage\\framework/sessions/494BYMHgsVRIt8KasdXcR3FhB7hQCtdYIzwGcEv4): failed to open stream: No such file or directory at /mnt/c/Users/batu_/Desktop/EDOMAPI/eDominationsTools/vendor/laravel/framework/src/Illuminate/Filesystem/Filesystem.php:133)
[stacktrace]
#0 [internal function]: Illuminate\\Foundation\\Bootstrap\\HandleExceptions->handleError(2, 'file_put_conten...', '/mnt/c/Users/ba...', 133, Array)
#1 /mnt/c/Users/batu_/Desktop/EDOMAPI/eDominationsTools/vendor/laravel/framework/src/Illuminate/Filesystem/Filesystem.php(133): file_put_contents('C:\\\\Users\\\\batu_\\\\...', 'a:3:{s:6:\"_toke...', 2)
#2 /mnt/c/Users/batu_/Desktop/EDOMAPI/eDominationsTools/vendor/laravel/framework/src/Illuminate/Session/FileSessionHandler.php(83): Illuminate\\Filesystem\\Filesystem->put('C:\\\\Users\\\\batu_\\\\...', 'a:3:{s:6:\"_toke...', true)
#3 /mnt/c/Users/batu_/Desktop/EDOMAPI/eDominationsTools/vendor/laravel/framework/src/Illuminate/Session/Store.php(129): Illuminate\\Session\\FileSessionHandler->write('494BYMHgsVRIt8K...', 'a:3:{s:6:\"_toke...')
#4 /mnt/c/Users/batu_/Desktop/EDOMAPI/eDominationsTools/vendor/laravel/framework/src/Illuminate/Session/Middleware/StartSession.php(170): Illuminate\\Session\\Store->save()
#5 /mnt/c/Users/batu_/Desktop/EDOMAPI/eDominationsTools/vendor/laravel/framework/src/Illuminate/Session/Middleware/StartSession.php(65): Illuminate\\Session\\Middleware\\StartSession->saveSession(Object(Illuminate\\Http\\Request))
#6 /mnt/c/Users/batu_/Desktop/EDOMAPI/eDominationsTools/vendor/laravel/framework/src/Illuminate/Pipeline/Pipeline.php(171): Illuminate\\Session\\Middleware\\StartSession->handle(Object(Illuminate\\Http\\Request), Object(Closure))
#7 /mnt/c/Users/batu_/Desktop/EDOMAPI/eDominationsTools/vendor/laravel/framework/src/Illuminate/Cookie/Middleware/AddQueuedCookiesToResponse.php(37): Illuminate\\Pipeline\\Pipeline->Illuminate\\Pipeline\\{closure}(Object(Illuminate\\Http\\Request))
#8 /mnt/c/Users/batu_/Desktop/EDOMAPI/eDominationsTools/vendor/laravel/framework/src/Illuminate/Pipeline/Pipeline.php(171): Illuminate\\Cookie\\Middleware\\AddQueuedCookiesToResponse->handle(Object(Illuminate\\Http\\Request), Object(Closure))
#9 /mnt/c/Users/batu_/Desktop/EDOMAPI/eDominationsTools/vendor/laravel/framework/src/Illuminate/Cookie/Middleware/EncryptCookies.php(66): Illuminate\\Pipeline\\Pipeline->Illuminate\\Pipeline\\{closure}(Object(Illuminate\\Http\\Request))
#10 /mnt/c/Users/batu_/Desktop/EDOMAPI/eDominationsTools/vendor/laravel/framework/src/Illuminate/Pipeline/Pipeline.php(171): Illuminate\\Cookie\\Middleware\\EncryptCookies->handle(Object(Illuminate\\Http\\Request), Object(Closure))
#11 /mnt/c/Users/batu_/Desktop/EDOMAPI/eDominationsTools/vendor/laravel/framework/src/Illuminate/Pipeline/Pipeline.php(105): Illuminate\\Pipeline\\Pipeline->Illuminate\\Pipeline\\{closure}(Object(Illuminate\\Http\\Request))
#12 /mnt/c/Users/batu_/Desktop/EDOMAPI/eDominationsTools/vendor/laravel/framework/src/Illuminate/Routing/Router.php(682): Illuminate\\Pipeline\\Pipeline->then(Object(Closure))
#13 /mnt/c/Users/batu_/Desktop/EDOMAPI/eDominationsTools/vendor/laravel/framework/src/Illuminate/Routing/Router.php(657): Illuminate\\Routing\\Router->runRouteWithinStack(Object(Illuminate\\Routing\\Route), Object(Illuminate\\Http\\Request))
#14 /mnt/c/Users/batu_/Desktop/EDOMAPI/eDominationsTools/vendor/laravel/framework/src/Illuminate/Routing/Router.php(623): Illuminate\\Routing\\Router->runRoute(Object(Illuminate\\Http\\Request), Object(Illuminate\\Routing\\Route))
#15 /mnt/c/Users/batu_/Desktop/EDOMAPI/eDominationsTools/vendor/laravel/framework/src/Illuminate/Routing/Router.php(612): Illuminate\\Routing\\Router->dispatchToRoute(Object(Illuminate\\Http\\Request))
#16 /mnt/c/Users/batu_/Desktop/EDOMAPI/eDominationsTools/vendor/laravel/framework/src/Illuminate/Foundation/Http/Kernel.php(176): Illuminate\\Routing\\Router->dispatch(Object(Illuminate\\Http\\Request))
#17 /mnt/c/Users/batu_/Desktop/EDOMAPI/eDominationsTools/vendor/laravel/framework/src/Illuminate/Pipeline/Pipeline.php(130): Illuminate\\Foundation\\Http\\Kernel->Illuminate\\Foundation\\Http\\{closure}(Object(Illuminate\\Http\\Request))
#18 /mnt/c/Users/batu_/Desktop/EDOMAPI/eDominationsTools/vendor/fideloper/proxy/src/TrustProxies.php(57): Illuminate\\Pipeline\\Pipeline->Illuminate\\Pipeline\\{closure}(Object(Illuminate\\Http\\Request))
#19 /mnt/c/Users/batu_/Desktop/EDOMAPI/eDominationsTools/vendor/laravel/framework/src/Illuminate/Pipeline/Pipeline.php(171): Fideloper\\Proxy\\TrustProxies->handle(Object(Illuminate\\Http\\Request), Object(Closure))
#20 /mnt/c/Users/batu_/Desktop/EDOMAPI/eDominationsTools/vendor/laravel/framework/src/Illuminate/Foundation/Http/Middleware/TransformsRequest.php(21): Illuminate\\Pipeline\\Pipeline->Illuminate\\Pipeline\\{closure}(Object(Illuminate\\Http\\Request))
#21 /mnt/c/Users/batu_/Desktop/EDOMAPI/eDominationsTools/vendor/laravel/framework/src/Illuminate/Pipeline/Pipeline.php(171): Illuminate\\Foundation\\Http\\Middleware\\TransformsRequest->handle(Object(Illuminate\\Http\\Request), Object(Closure))
#22 /mnt/c/Users/batu_/Desktop/EDOMAPI/eDominationsTools/vendor/laravel/framework/src/Illuminate/Foundation/Http/Middleware/TransformsRequest.php(21): Illuminate\\Pipeline\\Pipeline->Illuminate\\Pipeline\\{closure}(Object(Illuminate\\Http\\Request))
#23 /mnt/c/Users/batu_/Desktop/EDOMAPI/eDominationsTools/vendor/laravel/framework/src/Illuminate/Pipeline/Pipeline.php(171): Illuminate\\Foundation\\Http\\Middleware\\TransformsRequest->handle(Object(Illuminate\\Http\\Request), Object(Closure))
#24 /mnt/c/Users/batu_/Desktop/EDOMAPI/eDominationsTools/vendor/laravel/framework/src/Illuminate/Foundation/Http/Middleware/ValidatePostSize.php(27): Illuminate\\Pipeline\\Pipeline->Illuminate\\Pipeline\\{closure}(Object(Illuminate\\Http\\Request))
#25 /mnt/c/Users/batu_/Desktop/EDOMAPI/eDominationsTools/vendor/laravel/framework/src/Illuminate/Pipeline/Pipeline.php(171): Illuminate\\Foundation\\Http\\Middleware\\ValidatePostSize->handle(Object(Illuminate\\Http\\Request), Object(Closure))
#26 /mnt/c/Users/batu_/Desktop/EDOMAPI/eDominationsTools/vendor/laravel/framework/src/Illuminate/Foundation/Http/Middleware/CheckForMaintenanceMode.php(62): Illuminate\\Pipeline\\Pipeline->Illuminate\\Pipeline\\{closure}(Object(Illuminate\\Http\\Request))
#27 /mnt/c/Users/batu_/Desktop/EDOMAPI/eDominationsTools/vendor/laravel/framework/src/Illuminate/Pipeline/Pipeline.php(171): Illuminate\\Foundation\\Http\\Middleware\\CheckForMaintenanceMode->handle(Object(Illuminate\\Http\\Request), Object(Closure))
#28 /mnt/c/Users/batu_/Desktop/EDOMAPI/eDominationsTools/vendor/laravel/framework/src/Illuminate/Pipeline/Pipeline.php(105): Illuminate\\Pipeline\\Pipeline->Illuminate\\Pipeline\\{closure}(Object(Illuminate\\Http\\Request))
#29 /mnt/c/Users/batu_/Desktop/EDOMAPI/eDominationsTools/vendor/laravel/framework/src/Illuminate/Foundation/Http/Kernel.php(151): Illuminate\\Pipeline\\Pipeline->then(Object(Closure))
#30 /mnt/c/Users/batu_/Desktop/EDOMAPI/eDominationsTools/vendor/laravel/framework/src/Illuminate/Foundation/Http/Kernel.php(116): Illuminate\\Foundation\\Http\\Kernel->sendRequestThroughRouter(Object(Illuminate\\Http\\Request))
#31 /mnt/c/Users/batu_/Desktop/EDOMAPI/eDominationsTools/public/index.php(55): Illuminate\\Foundation\\Http\\Kernel->handle(Object(Illuminate\\Http\\Request))
#32 /mnt/c/Users/batu_/Desktop/EDOMAPI/eDominationsTools/server.php(21): require_once('/mnt/c/Users/ba...')
#33 {main}
"} 
